Base path: E:/Program Files/Unity/Editor/Data
Pipe name: \\.\pipe\UnityShaderCompiler-64bit-4-3940
Cmd: getPlatforms
Cmd: compileSnippet
  api=8 type=0 insize=955 outsize=1438 kw= ok=1
Cmd: compileSnippet
  api=1 type=1 insize=955 outsize=131 kw= ok=1
Cmd: compileSnippet
  api=8 type=0 insize=954 outsize=1438 kw= ok=1
Cmd: compileSnippet
  api=0 type=1 insize=954 outsize=6 kw= ok=1
Cmd: compileSnippet
  api=8 type=1 insize=1085 outsize=2422 kw= ok=1
Cmd: compileSnippet
  api=8 type=1 insize=1113 outsize=1983 kw= ok=1
Cmd: compileSnippet
  api=1 type=0 insize=1922 outsize=288 kw= ok=1
Cmd: compileSnippet
  api=8 type=1 insize=1922 outsize=4225 kw= ok=1
Cmd: compileSnippet
  api=8 type=1 insize=3198 outsize=1698 kw= ok=1
Cmd: compileSnippet
  api=8 type=0 insize=3195 outsize=2023 kw= ok=1
Cmd: compileSnippet
  api=8 type=1 insize=3195 outsize=1325 kw= ok=1
Cmd: compileSnippet
  api=8 type=0 insize=3211 outsize=2462 kw= ok=1
Cmd: compileSnippet
  api=8 type=1 insize=3211 outsize=2023 kw= ok=1
Cmd: compileSnippet
  api=8 type=0 insize=3203 outsize=2023 kw= ok=1
Cmd: compileSnippet
  api=8 type=1 insize=3203 outsize=1187 kw= ok=1
Cmd: compileSnippet
  api=1 type=0 insize=3203 outsize=258 kw= ok=1
Cmd: compileSnippet
  api=8 type=1 insize=3203 outsize=1698 kw= ok=1
Cmd: compileSnippet
  api=1 type=0 insize=3200 outsize=258 kw= ok=1
Cmd: compileSnippet
  api=8 type=1 insize=3200 outsize=1325 kw= ok=1
Cmd: compileSnippet
  api=8 type=0 insize=3205 outsize=2023 kw= ok=1
Cmd: compileSnippet
  api=1 type=0 insize=3197 outsize=258 kw= ok=1
Cmd: compileSnippet
  api=8 type=1 insize=3197 outsize=780 kw= ok=1
Cmd: compileSnippet
  api=8 type=0 insize=3201 outsize=2023 kw= ok=1
Cmd: compileSnippet
  api=8 type=1 insize=3201 outsize=1057 kw= ok=1
Cmd: compileSnippet
  api=8 type=0 insize=3196 outsize=2023 kw= ok=1
Cmd: compileSnippet
  api=8 type=0 insize=4605 outsize=1438 kw= ok=1
Cmd: compileSnippet
  api=8 type=1 insize=4605 outsize=1260 kw= ok=1
Cmd: compileSnippet
  api=8 type=0 insize=4609 outsize=3015 kw= ok=1
Cmd: compileSnippet
  api=8 type=1 insize=4609 outsize=2608 kw= ok=1
Cmd: compileSnippet
  api=8 type=0 insize=4619 outsize=2990 kw= ok=1
Cmd: compileSnippet
  api=8 type=1 insize=4619 outsize=3453 kw= ok=1
Cmd: compileSnippet
  api=1 type=0 insize=4614 outsize=341 kw= ok=1
Cmd: compileSnippet
  api=1 type=1 insize=4614 outsize=648 kw= ok=1
Cmd: compileSnippet
  api=1 type=0 insize=828 outsize=131 kw= ok=1
Cmd: compileSnippet
  api=8 type=1 insize=828 outsize=1536 kw= ok=1
Unhandled exception: Readfile from pipe failed. GLE=The pipe has been ended.


Quitting shader compiler process

Crashed!
